Arguments: 
  /usr/bin/node /usr/share/yarn/bin/yarn.js init

PATH: 
  /tmp/yarn--1581279684877-0.23148664515248174:/home/kira/Desktop/desktop_files/node_apps/CLI/clean-arc/node_modules/.bin:/home/kira/.config/yarn/link/node_modules/.bin:/home/kira/.yarn/bin:/usr/libexec/lib/node_modules/npm/bin/node-gyp-bin:/usr/lib/node_modules/npm/bin/node-gyp-bin:/usr/bin/node_modules/npm/bin/node-gyp-bin:/usr/local/sbin:/usr/local/bin:/usr/sbin:/usr/bin:/sbin:/bin:/usr/games:/usr/local/games:/snap/bin:/usr/local/go/bin:/usr/local/go/bin:/home/kira/go/bin

Yarn version: 
  1.19.1

Node version: 
  12.13.0

Platform: 
  linux x64

Trace: 
  Error: canceled
      at Interface.<anonymous> (/usr/share/yarn/lib/cli.js:136824:13)
      at Interface.emit (events.js:210:5)
      at Interface._ttyWrite (readline.js:887:16)
      at ReadStream.onkeypress (readline.js:191:10)
      at ReadStream.emit (events.js:210:5)
      at emitKeys (internal/readline/utils.js:433:14)
      at emitKeys.next (<anonymous>)
      at ReadStream.onData (readline.js:1153:36)
      at ReadStream.emit (events.js:210:5)
      at addChunk (_stream_readable.js:308:12)

npm manifest: 
  {
    "name": "",
    "version": "1.0.0",
    "main": "index.js",
    "scripts": {
      "test": "jest --watch",
      "db": "node ./db/index.js",
      "start-up":"yarn init && yarn run start-up1 && yarn start-up2",
      "start-up1":"yarn add cors cuid dotenv express mongodb morgan",
      "start-up2":"yarn add --dev faker jest",
      "server": "node ./src/index.js",
      "start": "npm run db && npm run server"
    },
    "author": "",
    "dependencies": {
      "cors": "",
      "cuid": "",
      "dotenv": "",
      "express": "",
      "mongodb": "",
      "morgan": ""
    },
    "devDependencies": {
      "faker": "",
      "jest": ""
    },
    "license": "MIT"
  }

yarn manifest: 
  No manifest

Lockfile: 
  No lockfile
